#
# There is insufficient memory for the Java Runtime Environment to continue.
# Native memory allocation (mmap) failed to map 132120576 bytes for Failed to commit area from 0x0000000083c00000 to 0x000000008ba00000 of length 132120576.
# Possible reasons:
#   The system is out of physical RAM or swap space
#   The process is running with CompressedOops enabled, and the Java Heap may be blocking the growth of the native heap
# Possible solutions:
#   Reduce memory load on the system
#   Increase physical memory or swap space
#   Check if swap backing store is full
#   Decrease Java heap size (-Xmx/-Xms)
#   Decrease number of Java threads
#   Decrease Java thread stack sizes (-Xss)
#   Set larger code cache with -XX:ReservedCodeCacheSize=
# This output file may be truncated or incomplete.
#
#  Out of Memory Error (src/hotspot/os/windows/os_windows.cpp:3627), pid=17156, tid=10440
#
# JRE version:  (11.0.15) (build )
# Java VM: OpenJDK 64-Bit Server VM (11.0.15+0-b2043.56-8887301, mixed mode, sharing, tiered, compressed oops, g1 gc, windows-amd64)
# No core dump will be written. Minidumps are not enabled by default on client versions of Windows
#

---------------  S U M M A R Y ------------

Command Line: git4idea.http.GitAskPassApp Username for 'https://github.com': 

Host: Intel(R) Core(TM) i5-10210U CPU @ 1.60GHz, 8 cores, 7G,  Windows 11 , 64 bit Build 22621 (10.0.22621.1105)
Time: Mon Jan 16 17:01:28 2023 West Asia Standard Time elapsed time: 0.013921 seconds (0d 0h 0m 0s)

---------------  T H R E A D  ---------------

Current thread (0x000001b2aa490000):  JavaThread "Unknown thread" [_thread_in_vm, id=10440, stack(0x0000007bfe000000,0x0000007bfe100000)]

Stack: [0x0000007bfe000000,0x0000007bfe100000]
Native frames: (J=compiled Java code, j=interpreted, Vv=VM code, C=native code)
V  [jvm.dll+0x64135a]
V  [jvm.dll+0x7d39f9]
V  [jvm.dll+0x7d51b9]
V  [jvm.dll+0x7d58a3]
V  [jvm.dll+0x2691c5]
V  [jvm.dll+0x63e4e9]
V  [jvm.dll+0x632985]
V  [jvm.dll+0x3231ac]
V  [jvm.dll+0x323032]
V  [jvm.dll+0x327c06]
V  [jvm.dll+0x36ffa2]
V  [jvm.dll+0x36fa01]
V  [jvm.dll+0x2fea28]
V  [jvm.dll+0x2ffb25]
V  [jvm.dll+0x7accd7]
V  [jvm.dll+0x7ae49f]
V  [jvm.dll+0x37d299]
V  [jvm.dll+0x78ef9f]
V  [jvm.dll+0x3ec847]
V  [jvm.dll+0x3eed31]
C  [jli.dll+0x52cb]
C  [ucrtbase.dll+0x29363]
C  [KERNEL32.DLL+0x126bd]
C  [ntdll.dll+0x5dfb8]


---------------  P R O C E S S  ---------------

Threads class SMR info:
_java_thread_list=0x000001b2a832bc90, length=0, elements={
}

Java Threads: ( => current thread )

Other Threads:
  0x000001b2aa4a8000 GCTaskThread "GC Thread#0" [stack: 0x0000007bfe100000,0x0000007bfe200000] [id=7200]
  0x000001b2aa4d8000 ConcurrentGCThread "G1 Main Marker" [stack: 0x0000007bfe200000,0x0000007bfe300000] [id=8652]
  0x000001b2aa4db000 ConcurrentGCThread "G1 Conc#0" [stack: 0x0000007bfe300000,0x0000007bfe400000] [id=156]

[error occurred during error reporting (printing all threads), id 0xc0000005, EXCEPTION_ACCESS_VIOLATION (0xc0000005) at pc=0x00007ffdeb25f3e7]

VM state:not at safepoint (not fully initialized)

VM Mutex/Monitor currently owned by a thread:  ([mutex/lock_event])
[0x000001b2aa48c690] Heap_lock - owner thread: 0x000001b2aa490000

Heap address: 0x0000000083c00000, size: 1988 MB, Compressed Oops mode: Non-zero based: 0x0000000083c00000
Narrow klass base: 0x0000000000000000, Narrow klass shift: 0

GC Heap History (0 events):
No events

Deoptimization events (0 events):
No events

Classes redefined (0 events):
No events

Internal exceptions (0 events):
No events

Events (1 events):
Event: 0.008 Loaded shared library D:\Android Studio\jbr\bin\zip.dll


Dynamic libraries:
0x00007ff6132b0000 - 0x00007ff6132ba000 	D:\Android Studio\jbr\bin\java.exe
0x00007ffe7a090000 - 0x00007ffe7a2a4000 	C:\Windows\SYSTEM32\ntdll.dll
0x00007ffe796d0000 - 0x00007ffe79793000 	C:\Windows\System32\KERNEL32.DLL
0x00007ffe77690000 - 0x00007ffe77a2d000 	C:\Windows\System32\KERNELBASE.dll
0x00007ffe748e0000 - 0x00007ffe74977000 	C:\Windows\SYSTEM32\apphelp.dll
0x00007ffe77bd0000 - 0x00007ffe77ce1000 	C:\Windows\System32\ucrtbase.dll
0x00007ffe60230000 - 0x00007ffe60247000 	D:\Android Studio\jbr\bin\jli.dll
0x00007ffe519e0000 - 0x00007ffe519fb000 	D:\Android Studio\jbr\bin\VCRUNTIME140.dll
0x00007ffe79bd0000 - 0x00007ffe79d7d000 	C:\Windows\System32\USER32.dll
0x00007ffe77ba0000 - 0x00007ffe77bc6000 	C:\Windows\System32\win32u.dll
0x00007ffe78db0000 - 0x00007ffe78dd9000 	C:\Windows\System32\GDI32.dll
0x00007ffe77d60000 - 0x00007ffe77e72000 	C:\Windows\System32\gdi32full.dll
0x00007ffe77570000 - 0x00007ffe7760a000 	C:\Windows\System32\msvcp_win.dll
0x00007ffe523e0000 - 0x00007ffe5266e000 	C:\Windows\WinSxS\amd64_microsoft.windows.common-controls_6595b64144ccf1df_6.0.22621.608_none_a9444ca7c10bb01d\COMCTL32.dll
0x00007ffe77f80000 - 0x00007ffe78027000 	C:\Windows\System32\msvcrt.dll
0x00007ffe78410000 - 0x00007ffe78442000 	C:\Windows\System32\IMM32.DLL
0x00007ffe51510000 - 0x00007ffe5159d000 	D:\Android Studio\jbr\bin\msvcp140.dll
0x00007ffe46490000 - 0x00007ffe4649c000 	C:\Windows\SYSTEM32\VCRUNTIME140_1.dll
0x00007ffdeaf50000 - 0x00007ffdebb0c000 	D:\Android Studio\jbr\bin\server\jvm.dll
0x00007ffe79da0000 - 0x00007ffe79e4e000 	C:\Windows\System32\ADVAPI32.dll
0x00007ffe795a0000 - 0x00007ffe79644000 	C:\Windows\System32\sechost.dll
0x00007ffe781d0000 - 0x00007ffe782e5000 	C:\Windows\System32\RPCRT4.dll
0x00007ffe78f50000 - 0x00007ffe78f58000 	C:\Windows\System32\PSAPI.DLL
0x00007ffe70440000 - 0x00007ffe70474000 	C:\Windows\SYSTEM32\WINMM.dll
0x00007ffe71210000 - 0x00007ffe71219000 	C:\Windows\SYSTEM32\WSOCK32.dll
0x00007ffe700f0000 - 0x00007ffe700fa000 	C:\Windows\SYSTEM32\VERSION.dll
0x00007ffe797a0000 - 0x00007ffe79811000 	C:\Windows\System32\WS2_32.dll
0x00007ffe76500000 - 0x00007ffe76518000 	C:\Windows\SYSTEM32\kernel.appcore.dll
0x00007ffe71200000 - 0x00007ffe71210000 	D:\Android Studio\jbr\bin\verify.dll
0x00007ffe72300000 - 0x00007ffe7252e000 	C:\Windows\SYSTEM32\DBGHELP.DLL
0x00007ffe79830000 - 0x00007ffe79bba000 	C:\Windows\System32\combase.dll
0x00007ffe79e70000 - 0x00007ffe79f47000 	C:\Windows\System32\OLEAUT32.dll
0x00007ffe64b50000 - 0x00007ffe64b82000 	C:\Windows\SYSTEM32\dbgcore.DLL
0x00007ffe77610000 - 0x00007ffe7768b000 	C:\Windows\System32\bcryptPrimitives.dll
0x00007ffe61820000 - 0x00007ffe61848000 	D:\Android Studio\jbr\bin\java.dll
0x00007ffe710b0000 - 0x00007ffe710ba000 	D:\Android Studio\jbr\bin\jimage.dll
0x00007ffe64bc0000 - 0x00007ffe64bd8000 	D:\Android Studio\jbr\bin\zip.dll

dbghelp: loaded successfully - version: 4.0.5 - missing functions: none
symbol engine: initialized successfully - sym options: 0x614 - pdb path: .;D:\Android Studio\jbr\bin;C:\Windows\SYSTEM32;C:\Windows\WinSxS\amd64_microsoft.windows.common-controls_6595b64144ccf1df_6.0.22621.608_none_a9444ca7c10bb01d;D:\Android Studio\jbr\bin\server

VM Arguments:
java_command: git4idea.http.GitAskPassApp Username for 'https://github.com': 
java_class_path (initial): D:/Android Studio/plugins/git4idea/lib/git4idea-rt.jar;D:/Android Studio/lib/externalProcess-rt.jar;D:/Android Studio/lib/app.jar;D:/Android Studio/lib/3rd-party-rt.jar
Launcher Type: SUN_STANDARD

[Global flags]
     intx CICompilerCount                          = 4                                         {product} {ergonomic}
     uint ConcGCThreads                            = 2                                         {product} {ergonomic}
     uint G1ConcRefinementThreads                  = 8                                         {product} {ergonomic}
   size_t G1HeapRegionSize                         = 1048576                                   {product} {ergonomic}
    uintx GCDrainStackTargetSize                   = 64                                        {product} {ergonomic}
   size_t InitialHeapSize                          = 132120576                                 {product} {ergonomic}
   size_t MarkStackSize                            = 4194304                                   {product} {ergonomic}
   size_t MaxHeapSize                              = 2084569088                                {product} {ergonomic}
   size_t MinHeapDeltaBytes                        = 1048576                                   {product} {ergonomic}
    uintx NonNMethodCodeHeapSize                   = 5836300                                {pd product} {ergonomic}
    uintx NonProfiledCodeHeapSize                  = 122910970                              {pd product} {ergonomic}
    uintx ProfiledCodeHeapSize                     = 122910970                              {pd product} {ergonomic}
    uintx ReservedCodeCacheSize                    = 251658240                              {pd product} {ergonomic}
     bool SegmentedCodeCache                       = true                                      {product} {ergonomic}
     bool UseCompressedClassPointers               = true                                 {lp64_product} {ergonomic}
     bool UseCompressedOops                        = true                                 {lp64_product} {ergonomic}
     bool UseG1GC                                  = true                                      {product} {ergonomic}
     bool UseLargePagesIndividualAllocation        = false                                  {pd product} {ergonomic}

Logging:
Log output configuration:
 #0: stdout all=warning uptime,level,tags
 #1: stderr all=off uptime,level,tags

Environment Variables:
PATH=C:\Program Files\Git\mingw64\libexec\git-core;C:\Program Files\Git\mingw64\libexec\git-core;C:\Program Files\Git\mingw64\bin;C:\Program Files\Git\usr\bin;C:\Users\aisha\bin;C:\Program Files\Common Files\Oracle\Java\javapath;C:\Windows\system32;C:\Windows;C:\Windows\System32\Wbem;C:\Windows\System32\WindowsPowerShell\v1.0;C:\Windows\System32\OpenSSH;C:\Program Files\Git\cmd;C:\Users\aisha\AppData\Local\Programs\Microsoft VS Code\bin
USERNAME=aisha
DISPLAY=:0.0
LC_ALL=en_US.UTF-8
OS=Windows_NT
PROCESSOR_IDENTIFIER=Intel64 Family 6 Model 142 Stepping 12, GenuineIntel



---------------  S Y S T E M  ---------------

OS: Windows 11 , 64 bit Build 22621 (10.0.22621.1105)
OS uptime: 4 days 20:47 hours

CPU:total 8 (initial active 8) (4 cores per cpu, 2 threads per core) family 6 model 142 stepping 12 microcode 0xde, cmov, cx8, fxsr, mmx, sse, sse2, sse3, ssse3, sse4.1, sse4.2, popcnt, avx, avx2, aes, clmul, erms, 3dnowpref, lzcnt, ht, tsc, tscinvbit, bmi1, bmi2, adx, fma

Memory: 4k page, system-wide physical 7947M (641M free)
TotalPageFile size 14947M (AvailPageFile size 50M)
current process WorkingSet (physical memory assigned to process): 11M, peak: 11M
current process commit charge ("private bytes"): 60M, peak: 186M

vm_info: OpenJDK 64-Bit Server VM (11.0.15+0-b2043.56-8887301) for windows-amd64 JRE (11.0.15+0-b2043.56-8887301), built on Jul 29 2022 23:19:47 by "builduser" with unknown MS VC++:1929

END.
